Compiling the CXX compiler identification source file "CMakeCXXCompilerId.cpp" failed.
Compiler: CMAKE_CXX_COMPILER-NOTFOUND 
Build flags: 
Id flags: 

The output was:
No such file or directory


Compiling the CXX compiler identification source file "CMakeCXXCompilerId.cpp" failed.
Compiler: CMAKE_CXX_COMPILER-NOTFOUND 
Build flags: 
Id flags: -c

The output was:
No such file or directory


Checking whether the CXX compiler is IAR using "" did not match "IAR .+ Compiler":
Determining if the pthread_create exist failed with the following output:
Change Dir: /home/ren/quic/libquic/build/CMakeFiles/CMakeTmp

Run Build Command:/bin/gmake "cmTryCompileExec1860157509/fast"
/bin/gmake -f CMakeFiles/cmTryCompileExec1860157509.dir/build.make CMakeFiles/cmTryCompileExec1860157509.dir/build
gmake[1]: Entering directory `/home/ren/quic/libquic/build/CMakeFiles/CMakeTmp'
/usr/bin/cmake -E cmake_progress_report /home/ren/quic/libquic/build/CMakeFiles/CMakeTmp/CMakeFiles 1
Building C object CMakeFiles/cmTryCompileExec1860157509.dir/CheckSymbolExists.c.o
/bin/cc   -Wall -fpic    -o CMakeFiles/cmTryCompileExec1860157509.dir/CheckSymbolExists.c.o   -c /home/ren/quic/libquic/build/CMakeFiles/CMakeTmp/CheckSymbolExists.c
Linking C executable cmTryCompileExec1860157509
/usr/bin/cmake -E cmake_link_script CMakeFiles/cmTryCompileExec1860157509.dir/link.txt --verbose=1
/bin/cc    -Wall -fpic     CMakeFiles/cmTryCompileExec1860157509.dir/CheckSymbolExists.c.o  -o cmTryCompileExec1860157509 -rdynamic 
CMakeFiles/cmTryCompileExec1860157509.dir/CheckSymbolExists.c.o: In function `main':
CheckSymbolExists.c:(.text+0x1b): undefined reference to `pthread_create'
collect2: error: ld returned 1 exit status
gmake[1]: Leaving directory `/home/ren/quic/libquic/build/CMakeFiles/CMakeTmp'
gmake[1]: *** [cmTryCompileExec1860157509] Error 1
gmake: *** [cmTryCompileExec1860157509/fast] Error 2

File /home/ren/quic/libquic/build/CMakeFiles/CMakeTmp/CheckSymbolExists.c:
/* */
#include <pthread.h>

int main(int argc, char** argv)
{
  (void)argv;
#ifndef pthread_create
  return ((int*)(&pthread_create))[argc];
#else
  (void)argc;
  return 0;
#endif
}

Determining if the function pthread_create exists in the pthreads failed with the following output:
Change Dir: /home/ren/quic/libquic/build/CMakeFiles/CMakeTmp

Run Build Command:/bin/gmake "cmTryCompileExec1581003487/fast"
/bin/gmake -f CMakeFiles/cmTryCompileExec1581003487.dir/build.make CMakeFiles/cmTryCompileExec1581003487.dir/build
gmake[1]: Entering directory `/home/ren/quic/libquic/build/CMakeFiles/CMakeTmp'
/usr/bin/cmake -E cmake_progress_report /home/ren/quic/libquic/build/CMakeFiles/CMakeTmp/CMakeFiles 1
Building C object CMakeFiles/cmTryCompileExec1581003487.dir/CheckFunctionExists.c.o
/bin/cc   -Wall -fpic -DCHECK_FUNCTION_EXISTS=pthread_create   -o CMakeFiles/cmTryCompileExec1581003487.dir/CheckFunctionExists.c.o   -c /usr/share/cmake/Modules/CheckFunctionExists.c
Linking C executable cmTryCompileExec1581003487
/usr/bin/cmake -E cmake_link_script CMakeFiles/cmTryCompileExec1581003487.dir/link.txt --verbose=1
/bin/cc    -Wall -fpic -DCHECK_FUNCTION_EXISTS=pthread_create    CMakeFiles/cmTryCompileExec1581003487.dir/CheckFunctionExists.c.o  -o cmTryCompileExec1581003487 -rdynamic -lpthreads 
/bin/ld: cannot find -lpthreads
collect2: error: ld returned 1 exit status
gmake[1]: Leaving directory `/home/ren/quic/libquic/build/CMakeFiles/CMakeTmp'
gmake[1]: *** [cmTryCompileExec1581003487] Error 1
gmake: *** [cmTryCompileExec1581003487/fast] Error 2


Compiling the CXX compiler identification source file "CMakeCXXCompilerId.cpp" failed.
Compiler: CMAKE_CXX_COMPILER-NOTFOUND 
Build flags: 
Id flags: 

The output was:
No such file or directory


Compiling the CXX compiler identification source file "CMakeCXXCompilerId.cpp" failed.
Compiler: CMAKE_CXX_COMPILER-NOTFOUND 
Build flags: 
Id flags: -c

The output was:
No such file or directory


Checking whether the CXX compiler is IAR using "" did not match "IAR .+ Compiler":
Compiling the CXX compiler identification source file "CMakeCXXCompilerId.cpp" failed.
Compiler: CMAKE_CXX_COMPILER-NOTFOUND 
Build flags: 
Id flags: 

The output was:
No such file or directory


Compiling the CXX compiler identification source file "CMakeCXXCompilerId.cpp" failed.
Compiler: CMAKE_CXX_COMPILER-NOTFOUND 
Build flags: 
Id flags: -c

The output was:
No such file or directory


Checking whether the CXX compiler is IAR using "" did not match "IAR .+ Compiler":
